Determining if the pthread_create exist failed with the following output:
Change Dir: /home/xl/projects/autodrive/autodrive-vision/CMakeFiles/CMakeTmp

Run Build Command:"/home/xl/vsdk/ti_components/os_tools/linux/xdctools_3_32_01_22_core/gmake" "cmTC_d738b/fast"
/home/xl/vsdk/ti_components/os_tools/linux/xdctools_3_32_01_22_core/gmake -f CMakeFiles/cmTC_d738b.dir/build.make CMakeFiles/cmTC_d738b.dir/build
gmake[1]: Entering directory `/home/xl/projects/autodrive/autodrive-vision/CMakeFiles/CMakeTmp'
Building C object CMakeFiles/cmTC_d738b.dir/CheckSymbolExists.c.o
/usr/bin/cc     -o CMakeFiles/cmTC_d738b.dir/CheckSymbolExists.c.o   -c /home/xl/projects/autodrive/autodrive-vision/CMakeFiles/CMakeTmp/CheckSymbolExists.c
Linking C executable cmTC_d738b
/usr/bin/cmake -E cmake_link_script CMakeFiles/cmTC_d738b.dir/link.txt --verbose=1
/usr/bin/cc       CMakeFiles/cmTC_d738b.dir/CheckSymbolExists.c.o  -o cmTC_d738b -rdynamic 
CMakeFiles/cmTC_d738b.dir/CheckSymbolExists.c.o: In function `main':
CheckSymbolExists.c:(.text+0x16): undefined reference to `pthread_create'
collect2: error: ld returned 1 exit status
gmake[1]: *** [cmTC_d738b] Error 1
gmake[1]: Leaving directory `/home/xl/projects/autodrive/autodrive-vision/CMakeFiles/CMakeTmp'
gmake: *** [cmTC_d738b/fast] Error 2

File /home/xl/projects/autodrive/autodrive-vision/CMakeFiles/CMakeTmp/CheckSymbolExists.c:
/* */
#include <pthread.h>

int main(int argc, char** argv)
{
  (void)argv;
#ifndef pthread_create
  return ((int*)(&pthread_create))[argc];
#else
  (void)argc;
  return 0;
#endif
}

Determining if the function pthread_create exists in the pthreads failed with the following output:
Change Dir: /home/xl/projects/autodrive/autodrive-vision/CMakeFiles/CMakeTmp

Run Build Command:"/home/xl/vsdk/ti_components/os_tools/linux/xdctools_3_32_01_22_core/gmake" "cmTC_d9065/fast"
/home/xl/vsdk/ti_components/os_tools/linux/xdctools_3_32_01_22_core/gmake -f CMakeFiles/cmTC_d9065.dir/build.make CMakeFiles/cmTC_d9065.dir/build
gmake[1]: Entering directory `/home/xl/projects/autodrive/autodrive-vision/CMakeFiles/CMakeTmp'
Building C object CMakeFiles/cmTC_d9065.dir/CheckFunctionExists.c.o
/usr/bin/cc    -DCHECK_FUNCTION_EXISTS=pthread_create   -o CMakeFiles/cmTC_d9065.dir/CheckFunctionExists.c.o   -c /usr/share/cmake-3.5/Modules/CheckFunctionExists.c
Linking C executable cmTC_d9065
/usr/bin/cmake -E cmake_link_script CMakeFiles/cmTC_d9065.dir/link.txt --verbose=1
/usr/bin/cc   -DCHECK_FUNCTION_EXISTS=pthread_create    CMakeFiles/cmTC_d9065.dir/CheckFunctionExists.c.o  -o cmTC_d9065 -rdynamic -lpthreads 
/usr/bin/ld: cannot find -lpthreads
collect2: error: ld returned 1 exit status
gmake[1]: *** [cmTC_d9065] Error 1
gmake[1]: Leaving directory `/home/xl/projects/autodrive/autodrive-vision/CMakeFiles/CMakeTmp'
gmake: *** [cmTC_d9065/fast] Error 2


Performing C SOURCE FILE Test CMAKE_HAVE_LIBC_PTHREAD failed with the following output:
Change Dir: /home/xl/projects/autodrive/autodrive-vision/CMakeFiles/CMakeTmp

Run Build Command(s):/home/xl/vsdk/ti_components/os_tools/linux/xdctools_3_32_01_22_core/gmake cmTC_1ae05/fast && /home/xl/vsdk/ti_components/os_tools/linux/xdctools_3_32_01_22_core/gmake  -f CMakeFiles/cmTC_1ae05.dir/build.make CMakeFiles/cmTC_1ae05.dir/build
gmake[1]: Entering directory `/home/xl/projects/autodrive/autodrive-vision/CMakeFiles/CMakeTmp'
Building C object CMakeFiles/cmTC_1ae05.dir/src.c.o
/usr/bin/cc   -DCMAKE_HAVE_LIBC_PTHREAD -o CMakeFiles/cmTC_1ae05.dir/src.c.o -c /home/xl/projects/autodrive/autodrive-vision/CMakeFiles/CMakeTmp/src.c
Linking C executable cmTC_1ae05
/usr/local/bin/cmake -E cmake_link_script CMakeFiles/cmTC_1ae05.dir/link.txt --verbose=1
/usr/bin/cc  -DCMAKE_HAVE_LIBC_PTHREAD -rdynamic CMakeFiles/cmTC_1ae05.dir/src.c.o -o cmTC_1ae05 
CMakeFiles/cmTC_1ae05.dir/src.c.o: In function `main':
src.c:(.text+0x3c): undefined reference to `pthread_create'
src.c:(.text+0x48): undefined reference to `pthread_detach'
src.c:(.text+0x54): undefined reference to `pthread_cancel'
src.c:(.text+0x65): undefined reference to `pthread_join'
src.c:(.text+0x79): undefined reference to `pthread_atfork'
collect2: error: ld returned 1 exit status
gmake[1]: *** [cmTC_1ae05] Error 1
gmake[1]: Leaving directory `/home/xl/projects/autodrive/autodrive-vision/CMakeFiles/CMakeTmp'
gmake: *** [cmTC_1ae05/fast] Error 2


Source file was:
#include <pthread.h>

void* test_func(void* data)
{
  return data;
}

int main(void)
{
  pthread_t thread;
  pthread_create(&thread, NULL, test_func, NULL);
  pthread_detach(thread);
  pthread_cancel(thread);
  pthread_join(thread, NULL);
  pthread_atfork(NULL, NULL, NULL);
  pthread_exit(NULL);

  return 0;
}

