Performing C SOURCE FILE Test CMAKE_HAVE_LIBC_PTHREAD failed with the following output:
Change Dir: /home/xl/projects/autodrive/autodrive-vision/build/CMakeFiles/CMakeTmp

Run Build Command(s):/usr/bin/make cmTC_58611/fast && /usr/bin/make  -f CMakeFiles/cmTC_58611.dir/build.make CMakeFiles/cmTC_58611.dir/build
make[1]: Entering directory '/home/xl/projects/autodrive/autodrive-vision/build/CMakeFiles/CMakeTmp'
Building C object CMakeFiles/cmTC_58611.dir/src.c.o
/usr/bin/cc   -DCMAKE_HAVE_LIBC_PTHREAD -o CMakeFiles/cmTC_58611.dir/src.c.o -c /home/xl/projects/autodrive/autodrive-vision/build/CMakeFiles/CMakeTmp/src.c
Linking C executable cmTC_58611
/usr/local/bin/cmake -E cmake_link_script CMakeFiles/cmTC_58611.dir/link.txt --verbose=1
/usr/bin/cc  -DCMAKE_HAVE_LIBC_PTHREAD -rdynamic CMakeFiles/cmTC_58611.dir/src.c.o -o cmTC_58611 
CMakeFiles/cmTC_58611.dir/src.c.o: In function `main':
src.c:(.text+0x3c): undefined reference to `pthread_create'
src.c:(.text+0x48): undefined reference to `pthread_detach'
src.c:(.text+0x54): undefined reference to `pthread_cancel'
src.c:(.text+0x65): undefined reference to `pthread_join'
src.c:(.text+0x79): undefined reference to `pthread_atfork'
collect2: error: ld returned 1 exit status
CMakeFiles/cmTC_58611.dir/build.make:105: recipe for target 'cmTC_58611' failed
make[1]: *** [cmTC_58611] Error 1
make[1]: Leaving directory '/home/xl/projects/autodrive/autodrive-vision/build/CMakeFiles/CMakeTmp'
Makefile:140: recipe for target 'cmTC_58611/fast' failed
make: *** [cmTC_58611/fast] Error 2


Source file was:
#include <pthread.h>

void* test_func(void* data)
{
  return data;
}

int main(void)
{
  pthread_t thread;
  pthread_create(&thread, NULL, test_func, NULL);
  pthread_detach(thread);
  pthread_cancel(thread);
  pthread_join(thread, NULL);
  pthread_atfork(NULL, NULL, NULL);
  pthread_exit(NULL);

  return 0;
}

Determining if the function pthread_create exists in the pthreads failed with the following output:
Change Dir: /home/xl/projects/autodrive/autodrive-vision/build/CMakeFiles/CMakeTmp

Run Build Command(s):/usr/bin/make cmTC_ad027/fast && /usr/bin/make  -f CMakeFiles/cmTC_ad027.dir/build.make CMakeFiles/cmTC_ad027.dir/build
make[1]: Entering directory '/home/xl/projects/autodrive/autodrive-vision/build/CMakeFiles/CMakeTmp'
Building C object CMakeFiles/cmTC_ad027.dir/CheckFunctionExists.c.o
/usr/bin/cc   -DCHECK_FUNCTION_EXISTS=pthread_create -o CMakeFiles/cmTC_ad027.dir/CheckFunctionExists.c.o -c /usr/local/share/cmake-3.18/Modules/CheckFunctionExists.c
Linking C executable cmTC_ad027
/usr/local/bin/cmake -E cmake_link_script CMakeFiles/cmTC_ad027.dir/link.txt --verbose=1
/usr/bin/cc  -DCHECK_FUNCTION_EXISTS=pthread_create -rdynamic CMakeFiles/cmTC_ad027.dir/CheckFunctionExists.c.o -o cmTC_ad027  -lpthreads 
/usr/bin/ld: cannot find -lpthreads
collect2: error: ld returned 1 exit status
CMakeFiles/cmTC_ad027.dir/build.make:105: recipe for target 'cmTC_ad027' failed
make[1]: *** [cmTC_ad027] Error 1
make[1]: Leaving directory '/home/xl/projects/autodrive/autodrive-vision/build/CMakeFiles/CMakeTmp'
Makefile:140: recipe for target 'cmTC_ad027/fast' failed
make: *** [cmTC_ad027/fast] Error 2



